<?xml version="1.0" encoding="UTF-8"?>
<robot generator="Robot 3.1.1 (Python 3.7.3 on win32)" generated="20190416 10:53:12.041" rpa="false">
<suite id="s1" name="RobotProject" source="C:\Users\InternDN19.01.07\Desktop\Intern19_DinhThiAnhThao\Project_Phase1_Researching\project\RobotProject">
<suite id="s1-s1" name="RobotProject" source="C:\Users\InternDN19.01.07\Desktop\Intern19_DinhThiAnhThao\Project_Phase1_Researching\project\RobotProject\RobotProject">
<suite id="s1-s1-s1" name="Src" source="C:\Users\InternDN19.01.07\Desktop\Intern19_DinhThiAnhThao\Project_Phase1_Researching\project\RobotProject\RobotProject\src">
<suite id="s1-s1-s1-s1" name="Test" source="C:\Users\InternDN19.01.07\Desktop\Intern19_DinhThiAnhThao\Project_Phase1_Researching\project\RobotProject\RobotProject\src\test">
<suite id="s1-s1-s1-s1-s1" name="Java" source="C:\Users\InternDN19.01.07\Desktop\Intern19_DinhThiAnhThao\Project_Phase1_Researching\project\RobotProject\RobotProject\src\test\java">
<suite id="s1-s1-s1-s1-s1-s1" name="Com" source="C:\Users\InternDN19.01.07\Desktop\Intern19_DinhThiAnhThao\Project_Phase1_Researching\project\RobotProject\RobotProject\src\test\java\com">
<suite id="s1-s1-s1-s1-s1-s1-s1" name="Robot" source="C:\Users\InternDN19.01.07\Desktop\Intern19_DinhThiAnhThao\Project_Phase1_Researching\project\RobotProject\RobotProject\src\test\java\com\robot">
<suite id="s1-s1-s1-s1-s1-s1-s1-s1" name="Tests" source="C:\Users\InternDN19.01.07\Desktop\Intern19_DinhThiAnhThao\Project_Phase1_Researching\project\RobotProject\RobotProject\src\test\java\com\robot\tests">
<suite id="s1-s1-s1-s1-s1-s1-s1-s1-s1" name="RobotProject" source="C:\Users\InternDN19.01.07\Desktop\Intern19_DinhThiAnhThao\Project_Phase1_Researching\project\RobotProject\RobotProject\src\test\java\com\robot\tests\RobotProject">
<suite id="s1-s1-s1-s1-s1-s1-s1-s1-s1-s1" name="Tests" source="C:\Users\InternDN19.01.07\Desktop\Intern19_DinhThiAnhThao\Project_Phase1_Researching\project\RobotProject\RobotProject\src\test\java\com\robot\tests\RobotProject\Tests">
<suite id="s1-s1-s1-s1-s1-s1-s1-s1-s1-s1-s1" name="LoginTest" source="C:\Users\InternDN19.01.07\Desktop\Intern19_DinhThiAnhThao\Project_Phase1_Researching\project\RobotProject\RobotProject\src\test\java\com\robot\tests\RobotProject\Tests\LoginTest.robot">
<test id="s1-s1-s1-s1-s1-s1-s1-s1-s1-s1-s1-t1" name="Valid Login">
<kw name="Setup" library="Setup" type="setup">
<kw name="Normalize Path" library="OperatingSystem">
<doc>Normalizes the given path.</doc>
<arguments>
<arg>path</arg>
<arg>../Resources/chromedriver.exe</arg>
</arguments>
<assign>
<var>${PATH}</var>
</assign>
<msg timestamp="20190416 10:53:12.241" level="INFO">${PATH} = path</msg>
<status status="PASS" starttime="20190416 10:53:12.241" endtime="20190416 10:53:12.241"></status>
</kw>
<kw name="Log To Console" library="BuiltIn">
<doc>Logs the given message to the console.</doc>
<arguments>
<arg>${PATH}</arg>
</arguments>
<status status="PASS" starttime="20190416 10:53:12.241" endtime="20190416 10:53:12.241"></status>
</kw>
<kw name="Append To Environment Variable" library="OperatingSystem">
<doc>Appends given ``values`` to environment variable ``name``.</doc>
<arguments>
<arg>${PATH}</arg>
<arg>${PATH}</arg>
</arguments>
<msg timestamp="20190416 10:53:12.241" level="INFO">Environment variable 'path' set to value 'C:/Program Files/Java/jre1.8.0_201/bin/server;C:/Program Files/Java/jre1.8.0_201/bin;C:/Program Files/Java/jre1.8.0_201/lib/amd64;C:\Python37\;C:\Python37\Scripts\;C:\Program Files (x86)\Common Files\Oracle\Java\javapath;C:\Program Files (x86)\Intel\Intel(R) Management Engine Components\iCLS\;C:\Program Files\Intel\Intel(R) Management Engine Components\iCLS\;C:\Windows\system32;C:\Windows;C:\Windows\System32\Wbem;C:\Windows\System32\WindowsPowerShell\v1.0\;C:\Windows\System32\OpenSSH\;C:\Program Files (x86)\Intel\Intel(R) Management Engine Components\DAL;C:\Program Files\Intel\Intel(R) Management Engine Components\DAL;C:\Program Files (x86)\Intel\Intel(R) Management Engine Components\IPT;C:\Program Files\Intel\Intel(R) Management Engine Components\IPT;C:\Program Files\Git\cmd;C:\Python27\Lib\site-packages;C:\Users\InternDN19.01.07\Desktop\Intern19_DinhThiAnhThao\SeleniumWebdriver;C:\xampp\php;C:\composer;C:\Users\InternDN19.01.07\AppData\Local\Programs\Python\Python37\Scripts\;C:\Users\InternDN19.01.07\AppData\Local\Programs\Python\Python37\;C:\Users\InternDN19.01.07\AppData\Local\Microsoft\WindowsApps;;C:\Users\InternDN19.01.07\AppData\Local\Programs\Microsoft VS Code\bin;C:\Users\InternDN19.01.07\AppData\Roaming\Composer\vendor\bin;C:\Users\InternDN19.01.07\Desktop\Intern19_DinhThiAnhThao\eclipse;;C:\Users\InternDN19.01.07\AppData\Local\Programs\Python\Python37\lib\site-packages\pywin32_system32;path'.</msg>
<status status="PASS" starttime="20190416 10:53:12.241" endtime="20190416 10:53:12.241"></status>
</kw>
<kw name="Open Browser" library="Selenium2Library">
<doc>Opens a new browser instance to the given ``url``.</doc>
<arguments>
<arg>${ROOT}</arg>
<arg>${BROWSER}</arg>
</arguments>
<msg timestamp="20190416 10:53:12.241" level="INFO">Opening browser 'Chrome' to base url 'http://localhost/wordpress/wp-admin/'.</msg>
<status status="PASS" starttime="20190416 10:53:12.241" endtime="20190416 10:53:14.908"></status>
</kw>
<kw name="Maximize Browser Window" library="Selenium2Library">
<doc>Maximizes current browser window.</doc>
<status status="PASS" starttime="20190416 10:53:14.908" endtime="20190416 10:53:16.044"></status>
</kw>
<status status="PASS" starttime="20190416 10:53:12.241" endtime="20190416 10:53:16.044"></status>
</kw>
<kw name="Login to Wordpress" library="LoginAction">
<arguments>
<arg>${USERNAME}</arg>
<arg>${PASSWORD}</arg>
</arguments>
<kw name="Log To Console" library="BuiltIn">
<doc>Logs the given message to the console.</doc>
<arguments>
<arg>Login to Wordpress</arg>
</arguments>
<status status="PASS" starttime="20190416 10:53:16.044" endtime="20190416 10:53:16.044"></status>
</kw>
<kw name="Wait Until Page Contains Element" library="Selenium2Library">
<doc>Waits until element ``locator`` appears on current page.</doc>
<arguments>
<arg>${btn_login}</arg>
</arguments>
<status status="PASS" starttime="20190416 10:53:16.051" endtime="20190416 10:53:16.053"></status>
</kw>
<kw name="Input Text" library="Selenium2Library">
<doc>Types the given ``text`` into text field identified by ``locator``.</doc>
<arguments>
<arg>${txt_username}</arg>
<arg>${arg_username}</arg>
</arguments>
<msg timestamp="20190416 10:53:16.053" level="INFO">Typing text 'InternDN19.01.07' into text field 'id=user_login'.</msg>
<status status="PASS" starttime="20190416 10:53:16.053" endtime="20190416 10:53:16.157"></status>
</kw>
<kw name="Input Text" library="Selenium2Library">
<doc>Types the given ``text`` into text field identified by ``locator``.</doc>
<arguments>
<arg>${txt_password}</arg>
<arg>${arg_password}</arg>
</arguments>
<msg timestamp="20190416 10:53:16.158" level="INFO">Typing text '123456789' into text field 'id=user_pass'.</msg>
<status status="PASS" starttime="20190416 10:53:16.158" endtime="20190416 10:53:16.221"></status>
</kw>
<kw name="Select Checkbox" library="Selenium2Library">
<doc>Selects checkbox identified by ``locator``.</doc>
<arguments>
<arg>${chb_rememberme}</arg>
</arguments>
<msg timestamp="20190416 10:53:16.221" level="INFO">Selecting checkbox 'id=rememberme'.</msg>
<status status="PASS" starttime="20190416 10:53:16.221" endtime="20190416 10:53:16.281"></status>
</kw>
<kw name="Click Button" library="Selenium2Library">
<doc>Clicks button identified by ``locator``.</doc>
<arguments>
<arg>${btn_login}</arg>
</arguments>
<msg timestamp="20190416 10:53:16.282" level="INFO">Clicking button 'id=wp-submit'.</msg>
<status status="PASS" starttime="20190416 10:53:16.282" endtime="20190416 10:53:17.414"></status>
</kw>
<status status="PASS" starttime="20190416 10:53:16.044" endtime="20190416 10:53:17.415"></status>
</kw>
<kw name="Check login successfully" library="CheckLogin">
<kw name="Title Should Be" library="Selenium2Library">
<doc>Verifies that current page title equals ``title``.</doc>
<arguments>
<arg>${title}</arg>
</arguments>
<msg timestamp="20190416 10:53:17.421" level="INFO">Page title is 'Dashboard ‹ WordpressTeam2 — WordPress'.</msg>
<status status="PASS" starttime="20190416 10:53:17.416" endtime="20190416 10:53:17.421"></status>
</kw>
<kw name="Element Text Should Be" library="Selenium2Library">
<doc>Verifies that element ``locator`` contains exact text ``expected``.</doc>
<arguments>
<arg>${lbl_welcome}</arg>
<arg>${USERNAME}</arg>
</arguments>
<msg timestamp="20190416 10:53:17.421" level="INFO">Verifying element 'xpath=//li[@id="wp-admin-bar-my-account"]/a[@class="ab-item"]/span[@class="display-name"]' contains exact text 'InternDN19.01.07'.</msg>
<status status="PASS" starttime="20190416 10:53:17.421" endtime="20190416 10:53:17.446"></status>
</kw>
<status status="PASS" starttime="20190416 10:53:17.415" endtime="20190416 10:53:17.447"></status>
</kw>
<kw name="Teardown" library="Setup" type="teardown">
<kw name="Close All Browsers" library="Selenium2Library">
<doc>Closes all open browsers and resets the browser cache.</doc>
<status status="PASS" starttime="20190416 10:53:17.448" endtime="20190416 10:53:19.554"></status>
</kw>
<status status="PASS" starttime="20190416 10:53:17.447" endtime="20190416 10:53:19.555"></status>
</kw>
<status status="PASS" starttime="20190416 10:53:12.241" endtime="20190416 10:53:19.555" critical="yes"></status>
</test>
<status status="PASS" starttime="20190416 10:53:12.107" endtime="20190416 10:53:19.557"></status>
</suite>
<status status="PASS" starttime="20190416 10:53:12.107" endtime="20190416 10:53:19.559"></status>
</suite>
<status status="PASS" starttime="20190416 10:53:12.107" endtime="20190416 10:53:19.559"></status>
</suite>
<status status="PASS" starttime="20190416 10:53:12.091" endtime="20190416 10:53:19.559"></status>
</suite>
<status status="PASS" starttime="20190416 10:53:12.091" endtime="20190416 10:53:19.559"></status>
</suite>
<status status="PASS" starttime="20190416 10:53:12.091" endtime="20190416 10:53:19.559"></status>
</suite>
<status status="PASS" starttime="20190416 10:53:12.091" endtime="20190416 10:53:19.559"></status>
</suite>
<status status="PASS" starttime="20190416 10:53:12.091" endtime="20190416 10:53:19.559"></status>
</suite>
<status status="PASS" starttime="20190416 10:53:12.091" endtime="20190416 10:53:19.559"></status>
</suite>
<status status="PASS" starttime="20190416 10:53:12.091" endtime="20190416 10:53:19.559"></status>
</suite>
<status status="PASS" starttime="20190416 10:53:12.074" endtime="20190416 10:53:19.559"></status>
</suite>
<statistics>
<total>
<stat pass="1" fail="0">Critical Tests</stat>
<stat pass="1" fail="0">All Tests</stat>
</total>
<tag>
</tag>
<suite>
<stat pass="1" fail="0" id="s1" name="RobotProject">RobotProject</stat>
<stat pass="1" fail="0" id="s1-s1" name="RobotProject">RobotProject.RobotProject</stat>
<stat pass="1" fail="0" id="s1-s1-s1" name="Src">RobotProject.RobotProject.Src</stat>
<stat pass="1" fail="0" id="s1-s1-s1-s1" name="Test">RobotProject.RobotProject.Src.Test</stat>
<stat pass="1" fail="0" id="s1-s1-s1-s1-s1" name="Java">RobotProject.RobotProject.Src.Test.Java</stat>
<stat pass="1" fail="0" id="s1-s1-s1-s1-s1-s1" name="Com">RobotProject.RobotProject.Src.Test.Java.Com</stat>
<stat pass="1" fail="0" id="s1-s1-s1-s1-s1-s1-s1" name="Robot">RobotProject.RobotProject.Src.Test.Java.Com.Robot</stat>
<stat pass="1" fail="0" id="s1-s1-s1-s1-s1-s1-s1-s1" name="Tests">RobotProject.RobotProject.Src.Test.Java.Com.Robot.Tests</stat>
<stat pass="1" fail="0" id="s1-s1-s1-s1-s1-s1-s1-s1-s1" name="RobotProject">RobotProject.RobotProject.Src.Test.Java.Com.Robot.Tests.RobotProject</stat>
<stat pass="1" fail="0" id="s1-s1-s1-s1-s1-s1-s1-s1-s1-s1" name="Tests">RobotProject.RobotProject.Src.Test.Java.Com.Robot.Tests.RobotProject.Tests</stat>
<stat pass="1" fail="0" id="s1-s1-s1-s1-s1-s1-s1-s1-s1-s1-s1" name="LoginTest">RobotProject.RobotProject.Src.Test.Java.Com.Robot.Tests.RobotProject.Tests.LoginTest</stat>
</suite>
</statistics>
<errors>
</errors>
</robot>
