<?xml version="1.0" encoding="UTF-8"?>
<robot generator="Robot 3.1.1 (Python 3.7.3 on win32)" generated="20190416 15:55:30.608" rpa="false">
<suite id="s1" name="RobotProject" source="C:\Users\InternDN19.01.02\eclipse-workspace\RobotProject">
<suite id="s1-s1" name="RobotProject" source="C:\Users\InternDN19.01.02\eclipse-workspace\RobotProject\RobotProject">
<suite id="s1-s1-s1" name="Src" source="C:\Users\InternDN19.01.02\eclipse-workspace\RobotProject\RobotProject\src">
<suite id="s1-s1-s1-s1" name="Test" source="C:\Users\InternDN19.01.02\eclipse-workspace\RobotProject\RobotProject\src\test">
<suite id="s1-s1-s1-s1-s1" name="Java" source="C:\Users\InternDN19.01.02\eclipse-workspace\RobotProject\RobotProject\src\test\java">
<suite id="s1-s1-s1-s1-s1-s1" name="Com" source="C:\Users\InternDN19.01.02\eclipse-workspace\RobotProject\RobotProject\src\test\java\com">
<suite id="s1-s1-s1-s1-s1-s1-s1" name="Robot" source="C:\Users\InternDN19.01.02\eclipse-workspace\RobotProject\RobotProject\src\test\java\com\robot">
<suite id="s1-s1-s1-s1-s1-s1-s1-s1" name="Tests" source="C:\Users\InternDN19.01.02\eclipse-workspace\RobotProject\RobotProject\src\test\java\com\robot\tests">
<suite id="s1-s1-s1-s1-s1-s1-s1-s1-s1" name="RobotProject" source="C:\Users\InternDN19.01.02\eclipse-workspace\RobotProject\RobotProject\src\test\java\com\robot\tests\RobotProject">
<suite id="s1-s1-s1-s1-s1-s1-s1-s1-s1-s1" name="Tests" source="C:\Users\InternDN19.01.02\eclipse-workspace\RobotProject\RobotProject\src\test\java\com\robot\tests\RobotProject\Tests">
<suite id="s1-s1-s1-s1-s1-s1-s1-s1-s1-s1-s1" name="PostTest" source="C:\Users\InternDN19.01.02\eclipse-workspace\RobotProject\RobotProject\src\test\java\com\robot\tests\RobotProject\Tests\PostTest.robot">
<test id="s1-s1-s1-s1-s1-s1-s1-s1-s1-s1-s1-t1" name="User can add new post successfully">
<kw name="Setup" library="Setup" type="setup">
<kw name="Normalize Path" library="OperatingSystem">
<doc>Normalizes the given path.</doc>
<arguments>
<arg>path</arg>
<arg>../Resources/chromedriver.exe</arg>
</arguments>
<assign>
<var>${PATH}</var>
</assign>
<msg timestamp="20190416 15:55:31.839" level="INFO">${PATH} = path</msg>
<status status="PASS" starttime="20190416 15:55:31.836" endtime="20190416 15:55:31.841"></status>
</kw>
<kw name="Log To Console" library="BuiltIn">
<doc>Logs the given message to the console.</doc>
<arguments>
<arg>${PATH}</arg>
</arguments>
<status status="PASS" starttime="20190416 15:55:31.845" endtime="20190416 15:55:31.848"></status>
</kw>
<kw name="Append To Environment Variable" library="OperatingSystem">
<doc>Appends given ``values`` to environment variable ``name``.</doc>
<arguments>
<arg>${PATH}</arg>
<arg>${PATH}</arg>
</arguments>
<msg timestamp="20190416 15:55:31.851" level="INFO">Environment variable 'path' set to value 'C:/Program Files/Java/jre1.8.0_201/bin/server;C:/Program Files/Java/jre1.8.0_201/bin;C:/Program Files/Java/jre1.8.0_201/lib/amd64;C:\Program Files (x86)\Common Files\Oracle\Java\javapath;C:\Python27\;C:\Python27\Scripts;C:\Program Files (x86)\Intel\iCLS Client\;C:\Program Files\Intel\iCLS Client\;C:\Windows\system32;C:\Windows;C:\Windows\System32\Wbem;C:\Windows\System32\WindowsPowerShell\v1.0\;C:\Windows\System32\OpenSSH\;C:\Program Files\Intel\Intel(R) Management Engine Components\DAL;C:\Program Files\Intel\Intel(R) Management Engine Components\IPT;C:\Program Files (x86)\Intel\Intel(R) Management Engine Components\DAL;C:\Program Files (x86)\Intel\Intel(R) Management Engine Components\IPT;C:\Program Files (x86)\Intel\OpenCL SDK\2.0\bin\x86;C:\Program Files (x86)\Intel\OpenCL SDK\2.0\bin\x64;C:\Program Files\Git\cmd;C:\Program Files\webdrivers;;C:\xampp\php;C:\ProgramData\ComposerSetup\bin;C:\Users\InternDN19.01.02\AppData\Local\Programs\Python\Python37-32\Scripts\;C:\Users\InternDN19.01.02\AppData\Local\Programs\Python\Python37-32\;C:\Users\InternDN19.01.02\AppData\Local\Programs\Python\Python37\Scripts\;C:\Users\InternDN19.01.02\AppData\Local\Programs\Python\Python37\;C:\Users\InternDN19.01.02\AppData\Local\Microsoft\WindowsApps;;C:\Users\InternDN19.01.02\AppData\Local\Programs\Microsoft VS Code\bin;C:\Users\InternDN19.01.02\AppData\Roaming\Composer\vendor\bin;C:\Users\InternDN19.01.02\Desktop\eclipse-java-oxygen-1a-win32-x86_64\eclipse;;path'.</msg>
<status status="PASS" starttime="20190416 15:55:31.849" endtime="20190416 15:55:31.852"></status>
</kw>
<kw name="Open Browser" library="Selenium2Library">
<doc>Opens a new browser instance to the given ``url``.</doc>
<arguments>
<arg>${ROOT}</arg>
<arg>${BROWSER}</arg>
</arguments>
<msg timestamp="20190416 15:55:31.858" level="INFO">Opening browser 'Chrome' to base url 'http://localhost/wordpress/wp-admin/'.</msg>
<status status="PASS" starttime="20190416 15:55:31.856" endtime="20190416 15:55:35.210"></status>
</kw>
<kw name="Maximize Browser Window" library="Selenium2Library">
<doc>Maximizes current browser window.</doc>
<status status="PASS" starttime="20190416 15:55:35.211" endtime="20190416 15:55:36.347"></status>
</kw>
<status status="PASS" starttime="20190416 15:55:31.834" endtime="20190416 15:55:36.347"></status>
</kw>
<kw name="Add new post" library="PostAction">
<arguments>
<arg>${TITLE}</arg>
<arg>${POST}</arg>
</arguments>
<kw name="Log To Console" library="BuiltIn">
<doc>Logs the given message to the console.</doc>
<arguments>
<arg>Add new post</arg>
</arguments>
<status status="PASS" starttime="20190416 15:55:36.349" endtime="20190416 15:55:36.350"></status>
</kw>
<kw name="Login to Wordpress" library="LoginAction">
<arguments>
<arg>${USERNAME}</arg>
<arg>${PASSWORD}</arg>
</arguments>
<kw name="Log To Console" library="BuiltIn">
<doc>Logs the given message to the console.</doc>
<arguments>
<arg>Login to Wordpress</arg>
</arguments>
<status status="PASS" starttime="20190416 15:55:36.351" endtime="20190416 15:55:36.352"></status>
</kw>
<kw name="Wait Until Page Contains Element" library="Selenium2Library">
<doc>Waits until element ``locator`` appears on current page.</doc>
<arguments>
<arg>${btn_login}</arg>
</arguments>
<status status="PASS" starttime="20190416 15:55:36.352" endtime="20190416 15:55:36.378"></status>
</kw>
<kw name="Input Text" library="Selenium2Library">
<doc>Types the given ``text`` into text field identified by ``locator``.</doc>
<arguments>
<arg>${txt_username}</arg>
<arg>${arg_username}</arg>
</arguments>
<msg timestamp="20190416 15:55:36.379" level="INFO">Typing text 'dong.nguyen26it@gmail.com' into text field 'id=user_login'.</msg>
<status status="PASS" starttime="20190416 15:55:36.378" endtime="20190416 15:55:36.561"></status>
</kw>
<kw name="Input Text" library="Selenium2Library">
<doc>Types the given ``text`` into text field identified by ``locator``.</doc>
<arguments>
<arg>${txt_password}</arg>
<arg>${arg_password}</arg>
</arguments>
<msg timestamp="20190416 15:55:36.563" level="INFO">Typing text '123456789' into text field 'id=user_pass'.</msg>
<status status="PASS" starttime="20190416 15:55:36.562" endtime="20190416 15:55:36.652"></status>
</kw>
<kw name="Select Checkbox" library="Selenium2Library">
<doc>Selects checkbox identified by ``locator``.</doc>
<arguments>
<arg>${chb_rememberme}</arg>
</arguments>
<msg timestamp="20190416 15:55:36.653" level="INFO">Selecting checkbox 'id=rememberme'.</msg>
<status status="PASS" starttime="20190416 15:55:36.653" endtime="20190416 15:55:36.730"></status>
</kw>
<kw name="Click Button" library="Selenium2Library">
<doc>Clicks button identified by ``locator``.</doc>
<arguments>
<arg>${btn_login}</arg>
</arguments>
<msg timestamp="20190416 15:55:36.731" level="INFO">Clicking button 'id=wp-submit'.</msg>
<status status="PASS" starttime="20190416 15:55:36.731" endtime="20190416 15:55:37.822"></status>
</kw>
<status status="PASS" starttime="20190416 15:55:36.350" endtime="20190416 15:55:37.823"></status>
</kw>
<kw name="Click Element" library="Selenium2Library">
<doc>Click element identified by ``locator``.</doc>
<arguments>
<arg>${menu_posts}</arg>
</arguments>
<msg timestamp="20190416 15:55:37.826" level="INFO">Clicking element 'id=menu-posts'.</msg>
<status status="PASS" starttime="20190416 15:55:37.824" endtime="20190416 15:55:38.473"></status>
</kw>
<kw name="Click Element" library="Selenium2Library">
<doc>Click element identified by ``locator``.</doc>
<arguments>
<arg>${submenu_new_post}</arg>
</arguments>
<msg timestamp="20190416 15:55:38.474" level="INFO">Clicking element 'xpath=//a[@href="post-new.php"]'.</msg>
<status status="PASS" starttime="20190416 15:55:38.474" endtime="20190416 15:55:41.135"></status>
</kw>
<kw name="Input Text" library="Selenium2Library">
<doc>Types the given ``text`` into text field identified by ``locator``.</doc>
<arguments>
<arg>${txt_addtitle}</arg>
<arg>${arg_addtitle}</arg>
</arguments>
<msg timestamp="20190416 15:55:41.137" level="INFO">Typing text 'Our lady of tears what the papers say about the Notre Dame fire' into text field 'id=post-title-0'.</msg>
<status status="PASS" starttime="20190416 15:55:41.136" endtime="20190416 15:55:42.202"></status>
</kw>
<kw name="Click Element" library="Selenium2Library">
<doc>Click element identified by ``locator``.</doc>
<arguments>
<arg>${txt_content}</arg>
</arguments>
<msg timestamp="20190416 15:55:42.203" level="INFO">Clicking element 'xpath=//textarea[@class="editor-default-block-appender__content"]'.</msg>
<status status="PASS" starttime="20190416 15:55:42.202" endtime="20190416 15:55:42.467"></status>
</kw>
<kw name="Input Text" library="Selenium2Library">
<doc>Types the given ``text`` into text field identified by ``locator``.</doc>
<arguments>
<arg>${txt_addpost}</arg>
<arg>${arg_addpost}</arg>
</arguments>
<msg timestamp="20190416 15:55:42.469" level="INFO">Typing text 'The fire that broke out at Notre Dame Cathedral, destroying the roof and causing the spire to collapse in front of horrified onlookers, is the lead story on the front pages in both France and the UK today.We lead with the French papers, which devote their front pages to the story and striking images of the blaze. La Croix, a French Catholic newspaper, has the headline: Le coeur en cendres Heart in ashes.' into text field 'xpath=//div[@class="components-autocomplete"]/p'.</msg>
<status status="PASS" starttime="20190416 15:55:42.468" endtime="20190416 15:55:48.585"></status>
</kw>
<kw name="Click Button" library="Selenium2Library">
<doc>Clicks button identified by ``locator``.</doc>
<arguments>
<arg>${btn_publish1}</arg>
</arguments>
<msg timestamp="20190416 15:55:48.587" level="INFO">Clicking button 'xpath=//button[@class="components-button editor-post-publish-panel__toggle is-button is-primary"]'.</msg>
<status status="PASS" starttime="20190416 15:55:48.586" endtime="20190416 15:55:48.734"></status>
</kw>
<kw name="Click Button" library="Selenium2Library">
<doc>Clicks button identified by ``locator``.</doc>
<arguments>
<arg>${btn_publish2}</arg>
</arguments>
<msg timestamp="20190416 15:55:48.736" level="INFO">Clicking button 'xpath=//button[@class="components-button editor-post-publish-button is-button is-default is-primary is-large"]'.</msg>
<status status="PASS" starttime="20190416 15:55:48.735" endtime="20190416 15:55:48.906"></status>
</kw>
<kw name="Wait Until Page Contains Element" library="Selenium2Library">
<doc>Waits until element ``locator`` appears on current page.</doc>
<arguments>
<arg>${lnk_viewpost}</arg>
</arguments>
<status status="PASS" starttime="20190416 15:55:48.907" endtime="20190416 15:55:49.799"></status>
</kw>
<kw name="Click Element" library="Selenium2Library">
<doc>Click element identified by ``locator``.</doc>
<arguments>
<arg>${lnk_viewpost}</arg>
</arguments>
<msg timestamp="20190416 15:55:49.800" level="INFO">Clicking element 'xpath=//div[@class="components-panel__body post-publish-panel__postpublish-header is-opened"]/a'.</msg>
<status status="PASS" starttime="20190416 15:55:49.800" endtime="20190416 15:55:50.997"></status>
</kw>
<status status="PASS" starttime="20190416 15:55:36.348" endtime="20190416 15:55:50.997"></status>
</kw>
<kw name="Check add new post successfully" library="CheckPost">
<kw name="Title Should Be" library="Selenium2Library">
<doc>Verifies that current page title equals ``title``.</doc>
<arguments>
<arg>${TITLE}</arg>
</arguments>
<kw name="Capture Page Screenshot" library="Selenium2Library">
<doc>Takes screenshot of the current page and embeds it into log file.</doc>
<msg timestamp="20190416 15:55:51.372" level="INFO" html="yes">&lt;/td&gt;&lt;/tr&gt;&lt;tr&gt;&lt;td colspan="3"&gt;&lt;a href="selenium-screenshot-2.png"&gt;&lt;img src="selenium-screenshot-2.png" width="800px"&gt;&lt;/a&gt;</msg>
<status status="PASS" starttime="20190416 15:55:51.005" endtime="20190416 15:55:51.372"></status>
</kw>
<msg timestamp="20190416 15:55:51.375" level="FAIL">Title should have been 'Our lady of tears what the papers say about the Notre Dame fire' but was 'Our lady of tears what the papers say about the Notre Dame fire – DemoProject'.</msg>
<status status="FAIL" starttime="20190416 15:55:51.000" endtime="20190416 15:55:51.375"></status>
</kw>
<status status="FAIL" starttime="20190416 15:55:50.998" endtime="20190416 15:55:51.376"></status>
</kw>
<kw name="Teardown" library="Setup" type="teardown">
<kw name="Close All Browsers" library="Selenium2Library">
<doc>Closes all open browsers and resets the browser cache.</doc>
<status status="PASS" starttime="20190416 15:55:51.377" endtime="20190416 15:55:53.562"></status>
</kw>
<status status="PASS" starttime="20190416 15:55:51.376" endtime="20190416 15:55:53.563"></status>
</kw>
<status status="FAIL" starttime="20190416 15:55:31.829" endtime="20190416 15:55:53.564" critical="yes">Title should have been 'Our lady of tears what the papers say about the Notre Dame fire' but was 'Our lady of tears what the papers say about the Notre Dame fire – DemoProject'.</status>
</test>
<status status="FAIL" starttime="20190416 15:55:31.266" endtime="20190416 15:55:53.567"></status>
</suite>
<status status="FAIL" starttime="20190416 15:55:31.257" endtime="20190416 15:55:53.574"></status>
</suite>
<status status="FAIL" starttime="20190416 15:55:31.248" endtime="20190416 15:55:53.580"></status>
</suite>
<status status="FAIL" starttime="20190416 15:55:31.234" endtime="20190416 15:55:53.586"></status>
</suite>
<status status="FAIL" starttime="20190416 15:55:31.222" endtime="20190416 15:55:53.592"></status>
</suite>
<status status="FAIL" starttime="20190416 15:55:31.215" endtime="20190416 15:55:53.598"></status>
</suite>
<status status="FAIL" starttime="20190416 15:55:31.210" endtime="20190416 15:55:53.605"></status>
</suite>
<status status="FAIL" starttime="20190416 15:55:31.204" endtime="20190416 15:55:53.611"></status>
</suite>
<status status="FAIL" starttime="20190416 15:55:31.199" endtime="20190416 15:55:53.614"></status>
</suite>
<status status="FAIL" starttime="20190416 15:55:31.192" endtime="20190416 15:55:53.618"></status>
</suite>
<status status="FAIL" starttime="20190416 15:55:30.997" endtime="20190416 15:55:53.622"></status>
</suite>
<statistics>
<total>
<stat pass="0" fail="1">Critical Tests</stat>
<stat pass="0" fail="1">All Tests</stat>
</total>
<tag>
</tag>
<suite>
<stat pass="0" fail="1" id="s1" name="RobotProject">RobotProject</stat>
<stat pass="0" fail="1" id="s1-s1" name="RobotProject">RobotProject.RobotProject</stat>
<stat pass="0" fail="1" id="s1-s1-s1" name="Src">RobotProject.RobotProject.Src</stat>
<stat pass="0" fail="1" id="s1-s1-s1-s1" name="Test">RobotProject.RobotProject.Src.Test</stat>
<stat pass="0" fail="1" id="s1-s1-s1-s1-s1" name="Java">RobotProject.RobotProject.Src.Test.Java</stat>
<stat pass="0" fail="1" id="s1-s1-s1-s1-s1-s1" name="Com">RobotProject.RobotProject.Src.Test.Java.Com</stat>
<stat pass="0" fail="1" id="s1-s1-s1-s1-s1-s1-s1" name="Robot">RobotProject.RobotProject.Src.Test.Java.Com.Robot</stat>
<stat pass="0" fail="1" id="s1-s1-s1-s1-s1-s1-s1-s1" name="Tests">RobotProject.RobotProject.Src.Test.Java.Com.Robot.Tests</stat>
<stat pass="0" fail="1" id="s1-s1-s1-s1-s1-s1-s1-s1-s1" name="RobotProject">RobotProject.RobotProject.Src.Test.Java.Com.Robot.Tests.RobotProject</stat>
<stat pass="0" fail="1" id="s1-s1-s1-s1-s1-s1-s1-s1-s1-s1" name="Tests">RobotProject.RobotProject.Src.Test.Java.Com.Robot.Tests.RobotProject.Tests</stat>
<stat pass="0" fail="1" id="s1-s1-s1-s1-s1-s1-s1-s1-s1-s1-s1" name="PostTest">RobotProject.RobotProject.Src.Test.Java.Com.Robot.Tests.RobotProject.Tests.PostTest</stat>
</suite>
</statistics>
<errors>
<msg timestamp="20190416 15:55:31.754" level="ERROR">Error in file 'C:\Users\InternDN19.01.02\eclipse-workspace\RobotProject\RobotProject\src\test\java\com\robot\tests\RobotProject\Resources\Libraries.robot': Importing test library 'PageObjectLibrary' failed: ModuleNotFoundError: No module named 'PageObjectLibrary'
Traceback (most recent call last):
  None
PYTHONPATH:
  C:\Users\InternDN19.01.02\eclipse-workspace\RobotProject
  C:\Users\InternDN19.01.02\AppData\Local\Programs\Python\Python37-32\python37.zip
  C:\Users\InternDN19.01.02\AppData\Local\Programs\Python\Python37-32\DLLs
  C:\Users\InternDN19.01.02\AppData\Local\Programs\Python\Python37-32\lib
  C:\Users\InternDN19.01.02\AppData\Local\Programs\Python\Python37-32
  C:\Users\InternDN19.01.02\AppData\Roaming\Python\Python37\site-packages
  C:\Users\InternDN19.01.02\AppData\Local\Programs\Python\Python37-32\lib\site-packages</msg>
<msg timestamp="20190416 15:55:31.810" level="ERROR">Error in file 'C:\Users\InternDN19.01.02\eclipse-workspace\RobotProject\RobotProject\src\test\java\com\robot\tests\RobotProject\Actions\AddNewPostActions\PostAction.robot': Resource file '..\Actions\LoginActions\LoginAction.robot' does not exist.</msg>
</errors>
</robot>
