<?xml version="1.0" encoding="UTF-8"?>
<robot generator="Robot 3.1.1 (Python 3.7.3 on win32)" generated="20190416 15:31:07.060" rpa="false">
<suite id="s1" name="RobotProject" source="C:\RobotProject\RobotProject">
<suite id="s1-s1" name="Src" source="C:\RobotProject\RobotProject\src">
<suite id="s1-s1-s1" name="Test" source="C:\RobotProject\RobotProject\src\test">
<suite id="s1-s1-s1-s1" name="Java" source="C:\RobotProject\RobotProject\src\test\java">
<suite id="s1-s1-s1-s1-s1" name="Com" source="C:\RobotProject\RobotProject\src\test\java\com">
<suite id="s1-s1-s1-s1-s1-s1" name="Robot" source="C:\RobotProject\RobotProject\src\test\java\com\robot">
<suite id="s1-s1-s1-s1-s1-s1-s1" name="Tests" source="C:\RobotProject\RobotProject\src\test\java\com\robot\tests">
<suite id="s1-s1-s1-s1-s1-s1-s1-s1" name="RobotProject" source="C:\RobotProject\RobotProject\src\test\java\com\robot\tests\RobotProject">
<suite id="s1-s1-s1-s1-s1-s1-s1-s1-s1" name="Tests" source="C:\RobotProject\RobotProject\src\test\java\com\robot\tests\RobotProject\Tests">
<suite id="s1-s1-s1-s1-s1-s1-s1-s1-s1-s1" name="UpdateAdminProfileTest" source="C:\RobotProject\RobotProject\src\test\java\com\robot\tests\RobotProject\Tests\UpdateAdminProfileTest.robot">
<test id="s1-s1-s1-s1-s1-s1-s1-s1-s1-s1-t1" name="Valid update admin profile">
<kw name="Setup" library="Setup" type="setup">
<kw name="Normalize Path" library="OperatingSystem">
<doc>Normalizes the given path.</doc>
<arguments>
<arg>path</arg>
<arg>../Resources/chromedriver.exe</arg>
</arguments>
<assign>
<var>${PATH}</var>
</assign>
<msg timestamp="20190416 15:31:07.275" level="INFO">${PATH} = path</msg>
<status status="PASS" starttime="20190416 15:31:07.275" endtime="20190416 15:31:07.275"></status>
</kw>
<kw name="Log To Console" library="BuiltIn">
<doc>Logs the given message to the console.</doc>
<arguments>
<arg>${PATH}</arg>
</arguments>
<status status="PASS" starttime="20190416 15:31:07.275" endtime="20190416 15:31:07.276"></status>
</kw>
<kw name="Append To Environment Variable" library="OperatingSystem">
<doc>Appends given ``values`` to environment variable ``name``.</doc>
<arguments>
<arg>${PATH}</arg>
<arg>${PATH}</arg>
</arguments>
<msg timestamp="20190416 15:31:07.276" level="INFO">Environment variable 'path' set to value 'C:/JDK/bin/server;C:/JDK/bin;C:/JDK/lib/amd64;C:\Python37\;C:\Python37\Scripts\;C:\Program Files (x86)\Common Files\Oracle\Java\javapath;C:\Program Files (x86)\Intel\Intel(R) Management Engine Components\iCLS\;C:\Program Files\Intel\Intel(R) Management Engine Components\iCLS\;C:\Windows\system32;C:\Windows;C:\Windows\System32\Wbem;C:\Windows\System32\WindowsPowerShell\v1.0\;C:\Windows\System32\OpenSSH\;C:\Program Files (x86)\Intel\Intel(R) Management Engine Components\DAL;C:\Program Files\Intel\Intel(R) Management Engine Components\DAL;C:\Program Files (x86)\Intel\Intel(R) Management Engine Components\IPT;C:\Program Files\Intel\Intel(R) Management Engine Components\IPT;C:\Program Files\Git\cmd;C:\xampp\php;C:\ProgramData\ComposerSetup\bin;C:\Users\InternDN19.01.03\AppData\Local\Programs\Python\Python37\Scripts\;C:\Users\InternDN19.01.03\AppData\Local\Programs\Python\Python37\;C:\Users\InternDN19.01.03\AppData\Local\Microsoft\WindowsApps;C:\webdrivers;;C:\Users\InternDN19.01.03\AppData\Local\Programs\Microsoft VS Code\bin;C:\Users\InternDN19.01.03\AppData\Roaming\Composer\vendor\bin;C:\eclipse-java-oxygen-1a-win32-x86_64\eclipse;;C:\Users\InternDN19.01.03\AppData\Local\Programs\Python\Python37\lib\site-packages\pywin32_system32;path'.</msg>
<status status="PASS" starttime="20190416 15:31:07.276" endtime="20190416 15:31:07.276"></status>
</kw>
<kw name="Open Browser" library="Selenium2Library">
<doc>Opens a new browser instance to the given ``url``.</doc>
<arguments>
<arg>${ROOT}</arg>
<arg>${BROWSER}</arg>
</arguments>
<msg timestamp="20190416 15:31:07.277" level="INFO">Opening browser 'Chrome' to base url 'http://localhost/wordpress/wp-admin/'.</msg>
<status status="PASS" starttime="20190416 15:31:07.277" endtime="20190416 15:31:09.903"></status>
</kw>
<kw name="Maximize Browser Window" library="Selenium2Library">
<doc>Maximizes current browser window.</doc>
<status status="PASS" starttime="20190416 15:31:09.903" endtime="20190416 15:31:11.040"></status>
</kw>
<status status="PASS" starttime="20190416 15:31:07.274" endtime="20190416 15:31:11.040"></status>
</kw>
<kw name="Login to Wordpress" library="LoginAction">
<arguments>
<arg>${USERNAME}</arg>
<arg>${PASSWORD}</arg>
</arguments>
<kw name="Log To Console" library="BuiltIn">
<doc>Logs the given message to the console.</doc>
<arguments>
<arg>Login to Wordpress</arg>
</arguments>
<status status="PASS" starttime="20190416 15:31:11.041" endtime="20190416 15:31:11.041"></status>
</kw>
<kw name="Wait Until Page Contains Element" library="Selenium2Library">
<doc>Waits until element ``locator`` appears on current page.</doc>
<arguments>
<arg>${btn_login}</arg>
</arguments>
<status status="PASS" starttime="20190416 15:31:11.042" endtime="20190416 15:31:11.056"></status>
</kw>
<kw name="Input Text" library="Selenium2Library">
<doc>Types the given ``text`` into text field identified by ``locator``.</doc>
<arguments>
<arg>${txt_username}</arg>
<arg>${arg_username}</arg>
</arguments>
<msg timestamp="20190416 15:31:11.056" level="INFO">Typing text 'hongdao279' into text field 'id=user_login'.</msg>
<status status="PASS" starttime="20190416 15:31:11.056" endtime="20190416 15:31:11.136"></status>
</kw>
<kw name="Input Text" library="Selenium2Library">
<doc>Types the given ``text`` into text field identified by ``locator``.</doc>
<arguments>
<arg>${txt_password}</arg>
<arg>${arg_password}</arg>
</arguments>
<msg timestamp="20190416 15:31:11.137" level="INFO">Typing text 'hihi123' into text field 'id=user_pass'.</msg>
<status status="PASS" starttime="20190416 15:31:11.136" endtime="20190416 15:31:11.204"></status>
</kw>
<kw name="Select Checkbox" library="Selenium2Library">
<doc>Selects checkbox identified by ``locator``.</doc>
<arguments>
<arg>${chb_rememberme}</arg>
</arguments>
<msg timestamp="20190416 15:31:11.204" level="INFO">Selecting checkbox 'id=rememberme'.</msg>
<status status="PASS" starttime="20190416 15:31:11.204" endtime="20190416 15:31:11.263"></status>
</kw>
<kw name="Click Button" library="Selenium2Library">
<doc>Clicks button identified by ``locator``.</doc>
<arguments>
<arg>${btn_login}</arg>
</arguments>
<msg timestamp="20190416 15:31:11.264" level="INFO">Clicking button 'id=wp-submit'.</msg>
<status status="PASS" starttime="20190416 15:31:11.263" endtime="20190416 15:31:12.052"></status>
</kw>
<status status="PASS" starttime="20190416 15:31:11.041" endtime="20190416 15:31:12.052"></status>
</kw>
<kw name="Select menu" library="SelectMenuAction">
<arguments>
<arg>${menu_users}</arg>
</arguments>
<kw name="Log To Console" library="BuiltIn">
<doc>Logs the given message to the console.</doc>
<arguments>
<arg>Select menu item</arg>
</arguments>
<status status="PASS" starttime="20190416 15:31:12.054" endtime="20190416 15:31:12.054"></status>
</kw>
<kw name="Click Element" library="Selenium2Library">
<doc>Click element identified by ``locator``.</doc>
<arguments>
<arg>${arg_menuItem}</arg>
</arguments>
<msg timestamp="20190416 15:31:12.055" level="INFO">Clicking element 'id=menu-users'.</msg>
<status status="PASS" starttime="20190416 15:31:12.055" endtime="20190416 15:31:12.419"></status>
</kw>
<status status="PASS" starttime="20190416 15:31:12.053" endtime="20190416 15:31:12.419"></status>
</kw>
<kw name="Go to admin profile page" library="UpdateAdminProfileAction">
<kw name="Click Element" library="Selenium2Library">
<doc>Click element identified by ``locator``.</doc>
<arguments>
<arg>${submenu_profile}</arg>
</arguments>
<msg timestamp="20190416 15:31:12.420" level="INFO">Clicking element 'xpath=//a[@href="profile.php"]'.</msg>
<status status="PASS" starttime="20190416 15:31:12.420" endtime="20190416 15:31:12.788"></status>
</kw>
<status status="PASS" starttime="20190416 15:31:12.420" endtime="20190416 15:31:12.788"></status>
</kw>
<kw name="Generate Random String" library="String">
<doc>Generates a string with a desired ``length`` from the given ``chars``.</doc>
<arguments>
<arg>4</arg>
<arg>[LETTERS]</arg>
</arguments>
<assign>
<var>${RANEMIAL}</var>
</assign>
<msg timestamp="20190416 15:31:12.789" level="INFO">${RANEMIAL} = oJIc</msg>
<status status="PASS" starttime="20190416 15:31:12.789" endtime="20190416 15:31:12.789"></status>
</kw>
<kw name="Fill out and submit update information" library="UpdateAdminProfileAction">
<arguments>
<arg>${FIRSTNAME}</arg>
<arg>${LASTNAME}</arg>
<arg>${NICKNAME}</arg>
<arg>${DISPLAYNAME}</arg>
<arg>${RANEMIAL}@sharklasers.com</arg>
<arg>${WEBSITE}</arg>
<arg>${BIOGRAPHYINFOR}</arg>
<arg>${GENERATEPASSWORD}</arg>
</arguments>
<kw name="Input Text" library="Selenium2Library">
<doc>Types the given ``text`` into text field identified by ``locator``.</doc>
<arguments>
<arg>${txt_firstname}</arg>
<arg>${arg_firstname}</arg>
</arguments>
<msg timestamp="20190416 15:31:12.790" level="INFO">Typing text 'hihi' into text field 'id=first_name'.</msg>
<status status="PASS" starttime="20190416 15:31:12.790" endtime="20190416 15:31:12.943"></status>
</kw>
<kw name="Input Text" library="Selenium2Library">
<doc>Types the given ``text`` into text field identified by ``locator``.</doc>
<arguments>
<arg>${txt_lastname}</arg>
<arg>${arg_lastname}</arg>
</arguments>
<msg timestamp="20190416 15:31:12.944" level="INFO">Typing text 'hihi' into text field 'id=last_name'.</msg>
<status status="PASS" starttime="20190416 15:31:12.943" endtime="20190416 15:31:13.019"></status>
</kw>
<kw name="Input Text" library="Selenium2Library">
<doc>Types the given ``text`` into text field identified by ``locator``.</doc>
<arguments>
<arg>${txt_nickname}</arg>
<arg>${arg_nickname}</arg>
</arguments>
<msg timestamp="20190416 15:31:13.020" level="INFO">Typing text 'hihi hihi' into text field 'id=nickname'.</msg>
<status status="PASS" starttime="20190416 15:31:13.020" endtime="20190416 15:31:13.108"></status>
</kw>
<kw name="Select From List By Label" library="Selenium2Library">
<doc>Selects options from selection list ``locator`` by ``labels``.</doc>
<arguments>
<arg>${sel_displayname}</arg>
<arg>${arg_displayname}</arg>
</arguments>
<msg timestamp="20190416 15:31:13.109" level="INFO">Selecting options from selection list 'name=display_name' by label hihi hihi.</msg>
<status status="PASS" starttime="20190416 15:31:13.109" endtime="20190416 15:31:13.153"></status>
</kw>
<kw name="Input Text" library="Selenium2Library">
<doc>Types the given ``text`` into text field identified by ``locator``.</doc>
<arguments>
<arg>${txt_email}</arg>
<arg>${arg_email}</arg>
</arguments>
<msg timestamp="20190416 15:31:13.154" level="INFO">Typing text 'oJIc@sharklasers.com' into text field 'id=email'.</msg>
<status status="PASS" starttime="20190416 15:31:13.153" endtime="20190416 15:31:13.285"></status>
</kw>
<kw name="Input Text" library="Selenium2Library">
<doc>Types the given ``text`` into text field identified by ``locator``.</doc>
<arguments>
<arg>${txt_biographicalinfo}</arg>
<arg>${arg_biographicalinfo}</arg>
</arguments>
<msg timestamp="20190416 15:31:13.286" level="INFO">Typing text 'description' into text field 'id=description'.</msg>
<status status="PASS" starttime="20190416 15:31:13.285" endtime="20190416 15:31:13.352"></status>
</kw>
<kw name="Click Element" library="Selenium2Library">
<doc>Click element identified by ``locator``.</doc>
<arguments>
<arg>${btn_generatepassword}</arg>
</arguments>
<msg timestamp="20190416 15:31:13.353" level="INFO">Clicking element 'xpath= //table[@class="form-table"]/tbody/tr[@id="password"]/td/button'.</msg>
<status status="PASS" starttime="20190416 15:31:13.353" endtime="20190416 15:31:13.422"></status>
</kw>
<kw name="Input Text" library="Selenium2Library">
<doc>Types the given ``text`` into text field identified by ``locator``.</doc>
<arguments>
<arg>${txt_generatepassword}</arg>
<arg>${arg_generatepassword}</arg>
</arguments>
<msg timestamp="20190416 15:31:13.423" level="INFO">Typing text 'huhu123' into text field 'id=pass1-text'.</msg>
<status status="PASS" starttime="20190416 15:31:13.422" endtime="20190416 15:31:13.533"></status>
</kw>
<kw name="Click Element" library="Selenium2Library">
<doc>Click element identified by ``locator``.</doc>
<arguments>
<arg>${cbx_confirmweakpasswork}</arg>
</arguments>
<msg timestamp="20190416 15:31:13.534" level="INFO">Clicking element 'name=pw_weak'.</msg>
<status status="PASS" starttime="20190416 15:31:13.533" endtime="20190416 15:31:13.577"></status>
</kw>
<kw name="Click Button" library="Selenium2Library">
<doc>Clicks button identified by ``locator``.</doc>
<arguments>
<arg>${btn_updateprofile}</arg>
</arguments>
<msg timestamp="20190416 15:31:13.577" level="INFO">Clicking button 'id=submit'.</msg>
<status status="PASS" starttime="20190416 15:31:13.577" endtime="20190416 15:31:16.321"></status>
</kw>
<status status="PASS" starttime="20190416 15:31:12.789" endtime="20190416 15:31:16.321"></status>
</kw>
<kw name="Logout" library="LogoutAction">
<kw name="Mouse Over" library="Selenium2Library">
<doc>Simulates hovering mouse over the element ``locator``.</doc>
<arguments>
<arg>${lbl_account}</arg>
</arguments>
<msg timestamp="20190416 15:31:16.322" level="INFO">Simulating Mouse Over on element 'xpath=//li[@id="wp-admin-bar-my-account"][a[@class="ab-item"]/span[@class="display-name"]]'.</msg>
<status status="PASS" starttime="20190416 15:31:16.322" endtime="20190416 15:31:16.356"></status>
</kw>
<kw name="Wait Until Element Is Visible" library="Selenium2Library">
<doc>Waits until element ``locator`` is visible.</doc>
<arguments>
<arg>${lbl_logout}</arg>
</arguments>
<status status="PASS" starttime="20190416 15:31:16.356" endtime="20190416 15:31:16.600"></status>
</kw>
<kw name="Click Element" library="Selenium2Library">
<doc>Click element identified by ``locator``.</doc>
<arguments>
<arg>${lbl_logout}</arg>
</arguments>
<msg timestamp="20190416 15:31:16.600" level="INFO">Clicking element 'id=wp-admin-bar-logout'.</msg>
<status status="PASS" starttime="20190416 15:31:16.600" endtime="20190416 15:31:17.053"></status>
</kw>
<status status="PASS" starttime="20190416 15:31:16.321" endtime="20190416 15:31:17.054"></status>
</kw>
<kw name="Login to Wordpress" library="LoginAction">
<arguments>
<arg>${USERNAME}</arg>
<arg>${GENERATEPASSWORD}</arg>
</arguments>
<kw name="Log To Console" library="BuiltIn">
<doc>Logs the given message to the console.</doc>
<arguments>
<arg>Login to Wordpress</arg>
</arguments>
<status status="PASS" starttime="20190416 15:31:17.055" endtime="20190416 15:31:17.055"></status>
</kw>
<kw name="Wait Until Page Contains Element" library="Selenium2Library">
<doc>Waits until element ``locator`` appears on current page.</doc>
<arguments>
<arg>${btn_login}</arg>
</arguments>
<status status="PASS" starttime="20190416 15:31:17.055" endtime="20190416 15:31:17.066"></status>
</kw>
<kw name="Input Text" library="Selenium2Library">
<doc>Types the given ``text`` into text field identified by ``locator``.</doc>
<arguments>
<arg>${txt_username}</arg>
<arg>${arg_username}</arg>
</arguments>
<msg timestamp="20190416 15:31:17.067" level="INFO">Typing text 'hongdao279' into text field 'id=user_login'.</msg>
<status status="PASS" starttime="20190416 15:31:17.067" endtime="20190416 15:31:17.135"></status>
</kw>
<kw name="Input Text" library="Selenium2Library">
<doc>Types the given ``text`` into text field identified by ``locator``.</doc>
<arguments>
<arg>${txt_password}</arg>
<arg>${arg_password}</arg>
</arguments>
<msg timestamp="20190416 15:31:17.136" level="INFO">Typing text 'huhu123' into text field 'id=user_pass'.</msg>
<status status="PASS" starttime="20190416 15:31:17.136" endtime="20190416 15:31:17.192"></status>
</kw>
<kw name="Select Checkbox" library="Selenium2Library">
<doc>Selects checkbox identified by ``locator``.</doc>
<arguments>
<arg>${chb_rememberme}</arg>
</arguments>
<msg timestamp="20190416 15:31:17.193" level="INFO">Selecting checkbox 'id=rememberme'.</msg>
<status status="PASS" starttime="20190416 15:31:17.193" endtime="20190416 15:31:17.255"></status>
</kw>
<kw name="Click Button" library="Selenium2Library">
<doc>Clicks button identified by ``locator``.</doc>
<arguments>
<arg>${btn_login}</arg>
</arguments>
<msg timestamp="20190416 15:31:17.255" level="INFO">Clicking button 'id=wp-submit'.</msg>
<status status="PASS" starttime="20190416 15:31:17.255" endtime="20190416 15:31:17.877"></status>
</kw>
<status status="PASS" starttime="20190416 15:31:17.054" endtime="20190416 15:31:17.877"></status>
</kw>
<kw name="Element Text Should Be" library="Selenium2Library">
<doc>Verifies that element ``locator`` contains exact text ``expected``.</doc>
<arguments>
<arg>${lbl_account}</arg>
<arg>Howdy, ${DISPLAYNAME}</arg>
</arguments>
<msg timestamp="20190416 15:31:17.878" level="INFO">Verifying element 'xpath=//li[@id="wp-admin-bar-my-account"][a[@class="ab-item"]/span[@class="display-name"]]' contains exact text 'Howdy, hihi hihi'.</msg>
<status status="PASS" starttime="20190416 15:31:17.878" endtime="20190416 15:31:17.906"></status>
</kw>
<kw name="Select menu" library="SelectMenuAction">
<arguments>
<arg>${menu_users}</arg>
</arguments>
<kw name="Log To Console" library="BuiltIn">
<doc>Logs the given message to the console.</doc>
<arguments>
<arg>Select menu item</arg>
</arguments>
<status status="PASS" starttime="20190416 15:31:17.907" endtime="20190416 15:31:17.908"></status>
</kw>
<kw name="Click Element" library="Selenium2Library">
<doc>Click element identified by ``locator``.</doc>
<arguments>
<arg>${arg_menuItem}</arg>
</arguments>
<msg timestamp="20190416 15:31:17.908" level="INFO">Clicking element 'id=menu-users'.</msg>
<status status="PASS" starttime="20190416 15:31:17.908" endtime="20190416 15:31:18.225"></status>
</kw>
<status status="PASS" starttime="20190416 15:31:17.907" endtime="20190416 15:31:18.225"></status>
</kw>
<kw name="Go to admin profile page" library="UpdateAdminProfileAction">
<kw name="Click Element" library="Selenium2Library">
<doc>Click element identified by ``locator``.</doc>
<arguments>
<arg>${submenu_profile}</arg>
</arguments>
<msg timestamp="20190416 15:31:18.226" level="INFO">Clicking element 'xpath=//a[@href="profile.php"]'.</msg>
<status status="PASS" starttime="20190416 15:31:18.226" endtime="20190416 15:31:18.553"></status>
</kw>
<status status="PASS" starttime="20190416 15:31:18.225" endtime="20190416 15:31:18.553"></status>
</kw>
<kw name="Generate Random String" library="String">
<doc>Generates a string with a desired ``length`` from the given ``chars``.</doc>
<arguments>
<arg>4</arg>
<arg>[LETTERS]</arg>
</arguments>
<assign>
<var>${RANEMIAL}</var>
</assign>
<msg timestamp="20190416 15:31:18.554" level="INFO">${RANEMIAL} = CPAg</msg>
<status status="PASS" starttime="20190416 15:31:18.553" endtime="20190416 15:31:18.554"></status>
</kw>
<kw name="Fill out and submit update information" library="UpdateAdminProfileAction">
<arguments>
<arg>${FIRSTNAME}</arg>
<arg>${LASTNAME}</arg>
<arg>${NICKNAME}</arg>
<arg>${DISPLAYNAME}</arg>
<arg>${RANEMIAL}@sharklasers.com</arg>
<arg>${WEBSITE}</arg>
<arg>${BIOGRAPHYINFOR}</arg>
<arg>${PASSWORD}</arg>
</arguments>
<kw name="Input Text" library="Selenium2Library">
<doc>Types the given ``text`` into text field identified by ``locator``.</doc>
<arguments>
<arg>${txt_firstname}</arg>
<arg>${arg_firstname}</arg>
</arguments>
<msg timestamp="20190416 15:31:18.555" level="INFO">Typing text 'hihi' into text field 'id=first_name'.</msg>
<status status="PASS" starttime="20190416 15:31:18.555" endtime="20190416 15:31:18.644"></status>
</kw>
<kw name="Input Text" library="Selenium2Library">
<doc>Types the given ``text`` into text field identified by ``locator``.</doc>
<arguments>
<arg>${txt_lastname}</arg>
<arg>${arg_lastname}</arg>
</arguments>
<msg timestamp="20190416 15:31:18.644" level="INFO">Typing text 'hihi' into text field 'id=last_name'.</msg>
<status status="PASS" starttime="20190416 15:31:18.644" endtime="20190416 15:31:18.706"></status>
</kw>
<kw name="Input Text" library="Selenium2Library">
<doc>Types the given ``text`` into text field identified by ``locator``.</doc>
<arguments>
<arg>${txt_nickname}</arg>
<arg>${arg_nickname}</arg>
</arguments>
<msg timestamp="20190416 15:31:18.706" level="INFO">Typing text 'hihi hihi' into text field 'id=nickname'.</msg>
<status status="PASS" starttime="20190416 15:31:18.706" endtime="20190416 15:31:18.782"></status>
</kw>
<kw name="Select From List By Label" library="Selenium2Library">
<doc>Selects options from selection list ``locator`` by ``labels``.</doc>
<arguments>
<arg>${sel_displayname}</arg>
<arg>${arg_displayname}</arg>
</arguments>
<msg timestamp="20190416 15:31:18.783" level="INFO">Selecting options from selection list 'name=display_name' by label hihi hihi.</msg>
<status status="PASS" starttime="20190416 15:31:18.782" endtime="20190416 15:31:18.816"></status>
</kw>
<kw name="Input Text" library="Selenium2Library">
<doc>Types the given ``text`` into text field identified by ``locator``.</doc>
<arguments>
<arg>${txt_email}</arg>
<arg>${arg_email}</arg>
</arguments>
<msg timestamp="20190416 15:31:18.817" level="INFO">Typing text 'CPAg@sharklasers.com' into text field 'id=email'.</msg>
<status status="PASS" starttime="20190416 15:31:18.816" endtime="20190416 15:31:18.936"></status>
</kw>
<kw name="Input Text" library="Selenium2Library">
<doc>Types the given ``text`` into text field identified by ``locator``.</doc>
<arguments>
<arg>${txt_biographicalinfo}</arg>
<arg>${arg_biographicalinfo}</arg>
</arguments>
<msg timestamp="20190416 15:31:18.937" level="INFO">Typing text 'description' into text field 'id=description'.</msg>
<status status="PASS" starttime="20190416 15:31:18.936" endtime="20190416 15:31:19.010"></status>
</kw>
<kw name="Click Element" library="Selenium2Library">
<doc>Click element identified by ``locator``.</doc>
<arguments>
<arg>${btn_generatepassword}</arg>
</arguments>
<msg timestamp="20190416 15:31:19.012" level="INFO">Clicking element 'xpath= //table[@class="form-table"]/tbody/tr[@id="password"]/td/button'.</msg>
<status status="PASS" starttime="20190416 15:31:19.011" endtime="20190416 15:31:19.063"></status>
</kw>
<kw name="Input Text" library="Selenium2Library">
<doc>Types the given ``text`` into text field identified by ``locator``.</doc>
<arguments>
<arg>${txt_generatepassword}</arg>
<arg>${arg_generatepassword}</arg>
</arguments>
<msg timestamp="20190416 15:31:19.064" level="INFO">Typing text 'hihi123' into text field 'id=pass1-text'.</msg>
<status status="PASS" starttime="20190416 15:31:19.064" endtime="20190416 15:31:19.158"></status>
</kw>
<kw name="Click Element" library="Selenium2Library">
<doc>Click element identified by ``locator``.</doc>
<arguments>
<arg>${cbx_confirmweakpasswork}</arg>
</arguments>
<msg timestamp="20190416 15:31:19.159" level="INFO">Clicking element 'name=pw_weak'.</msg>
<status status="PASS" starttime="20190416 15:31:19.158" endtime="20190416 15:31:19.198"></status>
</kw>
<kw name="Click Button" library="Selenium2Library">
<doc>Clicks button identified by ``locator``.</doc>
<arguments>
<arg>${btn_updateprofile}</arg>
</arguments>
<msg timestamp="20190416 15:31:19.199" level="INFO">Clicking button 'id=submit'.</msg>
<status status="PASS" starttime="20190416 15:31:19.198" endtime="20190416 15:31:21.878"></status>
</kw>
<status status="PASS" starttime="20190416 15:31:18.554" endtime="20190416 15:31:21.879"></status>
</kw>
<kw name="Teardown" library="Setup" type="teardown">
<kw name="Close All Browsers" library="Selenium2Library">
<doc>Closes all open browsers and resets the browser cache.</doc>
<status status="PASS" starttime="20190416 15:31:21.881" endtime="20190416 15:31:24.001"></status>
</kw>
<status status="PASS" starttime="20190416 15:31:21.880" endtime="20190416 15:31:24.002"></status>
</kw>
<status status="PASS" starttime="20190416 15:31:07.274" endtime="20190416 15:31:24.002" critical="yes"></status>
</test>
<status status="PASS" starttime="20190416 15:31:07.109" endtime="20190416 15:31:24.004"></status>
</suite>
<status status="PASS" starttime="20190416 15:31:07.109" endtime="20190416 15:31:24.005"></status>
</suite>
<status status="PASS" starttime="20190416 15:31:07.109" endtime="20190416 15:31:24.005"></status>
</suite>
<status status="PASS" starttime="20190416 15:31:07.109" endtime="20190416 15:31:24.005"></status>
</suite>
<status status="PASS" starttime="20190416 15:31:07.109" endtime="20190416 15:31:24.005"></status>
</suite>
<status status="PASS" starttime="20190416 15:31:07.109" endtime="20190416 15:31:24.005"></status>
</suite>
<status status="PASS" starttime="20190416 15:31:07.094" endtime="20190416 15:31:24.005"></status>
</suite>
<status status="PASS" starttime="20190416 15:31:07.094" endtime="20190416 15:31:24.005"></status>
</suite>
<status status="PASS" starttime="20190416 15:31:07.094" endtime="20190416 15:31:24.005"></status>
</suite>
<status status="PASS" starttime="20190416 15:31:07.085" endtime="20190416 15:31:24.005"></status>
</suite>
<statistics>
<total>
<stat pass="1" fail="0">Critical Tests</stat>
<stat pass="1" fail="0">All Tests</stat>
</total>
<tag>
</tag>
<suite>
<stat pass="1" fail="0" id="s1" name="RobotProject">RobotProject</stat>
<stat pass="1" fail="0" id="s1-s1" name="Src">RobotProject.Src</stat>
<stat pass="1" fail="0" id="s1-s1-s1" name="Test">RobotProject.Src.Test</stat>
<stat pass="1" fail="0" id="s1-s1-s1-s1" name="Java">RobotProject.Src.Test.Java</stat>
<stat pass="1" fail="0" id="s1-s1-s1-s1-s1" name="Com">RobotProject.Src.Test.Java.Com</stat>
<stat pass="1" fail="0" id="s1-s1-s1-s1-s1-s1" name="Robot">RobotProject.Src.Test.Java.Com.Robot</stat>
<stat pass="1" fail="0" id="s1-s1-s1-s1-s1-s1-s1" name="Tests">RobotProject.Src.Test.Java.Com.Robot.Tests</stat>
<stat pass="1" fail="0" id="s1-s1-s1-s1-s1-s1-s1-s1" name="RobotProject">RobotProject.Src.Test.Java.Com.Robot.Tests.RobotProject</stat>
<stat pass="1" fail="0" id="s1-s1-s1-s1-s1-s1-s1-s1-s1" name="Tests">RobotProject.Src.Test.Java.Com.Robot.Tests.RobotProject.Tests</stat>
<stat pass="1" fail="0" id="s1-s1-s1-s1-s1-s1-s1-s1-s1-s1" name="UpdateAdminProfileTest">RobotProject.Src.Test.Java.Com.Robot.Tests.RobotProject.Tests.UpdateAdminProfileTest</stat>
</suite>
</statistics>
<errors>
</errors>
</robot>
